1681202267040|9|statement|connection 0|url jdbc:p6spy:oracle:thin:@localhost:1521:XE|     drop table member cascade constraints|     drop table member cascade constraints
1681202267053|6|statement|connection 0|url jdbc:p6spy:oracle:thin:@localhost:1521:XE|     drop sequence hibernate_sequence|     drop sequence hibernate_sequence
1681202267060|4|statement|connection 0|url jdbc:p6spy:oracle:thin:@localhost:1521:XE|create sequence hibernate_sequence start with 1 increment by 1|create sequence hibernate_sequence start with 1 increment by 1
1681202267097|34|statement|connection 0|url jdbc:p6spy:oracle:thin:@localhost:1521:XE|     create table member (        id number(19,0) not null,         member_age number(10,0) not null,         member_email varchar2(255),         member_name varchar2(255),         member_password varchar2(255),         primary key (id)     )|     create table member (        id number(19,0) not null,         member_age number(10,0) not null,         member_email varchar2(255),         member_name varchar2(255),         member_password varchar2(255),         primary key (id)     )
1681202267108|10|statement|connection 0|url jdbc:p6spy:oracle:thin:@localhost:1521:XE|     alter table member         add constraint UK_3orqjaukiw2b73e2gw8rer4rq unique (member_email)|     alter table member         add constraint UK_3orqjaukiw2b73e2gw8rer4rq unique (member_email)
1681202302621|21|statement|connection 0|url jdbc:p6spy:oracle:thin:@localhost:1521:XE|     drop table member cascade constraints|     drop table member cascade constraints
1681202302623|2|statement|connection 0|url jdbc:p6spy:oracle:thin:@localhost:1521:XE|     drop sequence hibernate_sequence|     drop sequence hibernate_sequence
1681202302627|1|statement|connection 0|url jdbc:p6spy:oracle:thin:@localhost:1521:XE|create sequence hibernate_sequence start with 1 increment by 1|create sequence hibernate_sequence start with 1 increment by 1
1681202302652|23|statement|connection 0|url jdbc:p6spy:oracle:thin:@localhost:1521:XE|     create table member (        id number(19,0) not null,         member_age number(10,0) not null,         member_email varchar2(255),         member_name varchar2(255),         member_password varchar2(255),         primary key (id)     )|     create table member (        id number(19,0) not null,         member_age number(10,0) not null,         member_email varchar2(255),         member_name varchar2(255),         member_password varchar2(255),         primary key (id)     )
1681202302660|7|statement|connection 0|url jdbc:p6spy:oracle:thin:@localhost:1521:XE|     alter table member         add constraint UK_3orqjaukiw2b73e2gw8rer4rq unique (member_email)|     alter table member         add constraint UK_3orqjaukiw2b73e2gw8rer4rq unique (member_email)
1681279191094|9|statement|connection 0|url jdbc:p6spy:oracle:thin:@localhost:1521:XE|     drop table member cascade constraints|     drop table member cascade constraints
1681279191101|1|statement|connection 0|url jdbc:p6spy:oracle:thin:@localhost:1521:XE|     drop sequence hibernate_sequence|     drop sequence hibernate_sequence
1681279191106|1|statement|connection 0|url jdbc:p6spy:oracle:thin:@localhost:1521:XE|create sequence hibernate_sequence start with 1 increment by 1|create sequence hibernate_sequence start with 1 increment by 1
1681279191121|14|statement|connection 0|url jdbc:p6spy:oracle:thin:@localhost:1521:XE|     create table member (        id number(19,0) not null,         member_age number(10,0) not null,         member_email varchar2(255),         member_name varchar2(255),         member_password varchar2(255),         primary key (id)     )|     create table member (        id number(19,0) not null,         member_age number(10,0) not null,         member_email varchar2(255),         member_name varchar2(255),         member_password varchar2(255),         primary key (id)     )
1681279191125|4|statement|connection 0|url jdbc:p6spy:oracle:thin:@localhost:1521:XE|     alter table member         add constraint UK_3orqjaukiw2b73e2gw8rer4rq unique (member_email)|     alter table member         add constraint UK_3orqjaukiw2b73e2gw8rer4rq unique (member_email)
1681279238470|91|statement|connection 0|url jdbc:p6spy:oracle:thin:@localhost:1521:XE|     drop table member cascade constraints|     drop table member cascade constraints
1681279238480|6|statement|connection 0|url jdbc:p6spy:oracle:thin:@localhost:1521:XE|     drop sequence hibernate_sequence|     drop sequence hibernate_sequence
1681279238487|1|statement|connection 0|url jdbc:p6spy:oracle:thin:@localhost:1521:XE|create sequence hibernate_sequence start with 1 increment by 1|create sequence hibernate_sequence start with 1 increment by 1
1681279238514|22|statement|connection 0|url jdbc:p6spy:oracle:thin:@localhost:1521:XE|     create table member (        id number(19,0) not null,         member_age number(10,0) not null,         member_email varchar2(255),         member_name varchar2(255),         member_password varchar2(255),         primary key (id)     )|     create table member (        id number(19,0) not null,         member_age number(10,0) not null,         member_email varchar2(255),         member_name varchar2(255),         member_password varchar2(255),         primary key (id)     )
1681279238523|8|statement|connection 0|url jdbc:p6spy:oracle:thin:@localhost:1521:XE|     alter table member         add constraint UK_3orqjaukiw2b73e2gw8rer4rq unique (member_email)|     alter table member         add constraint UK_3orqjaukiw2b73e2gw8rer4rq unique (member_email)
1681279512471|20|statement|connection 0|url jdbc:p6spy:oracle:thin:@localhost:1521:XE|     drop table member cascade constraints|     drop table member cascade constraints
1681279512475|2|statement|connection 0|url jdbc:p6spy:oracle:thin:@localhost:1521:XE|     drop sequence hibernate_sequence|     drop sequence hibernate_sequence
1681279512480|2|statement|connection 0|url jdbc:p6spy:oracle:thin:@localhost:1521:XE|create sequence hibernate_sequence start with 1 increment by 1|create sequence hibernate_sequence start with 1 increment by 1
1681279512498|15|statement|connection 0|url jdbc:p6spy:oracle:thin:@localhost:1521:XE|     create table member (        id number(19,0) not null,         member_age number(10,0) not null,         member_email varchar2(255),         member_name varchar2(255),         member_password varchar2(255),         primary key (id)     )|     create table member (        id number(19,0) not null,         member_age number(10,0) not null,         member_email varchar2(255),         member_name varchar2(255),         member_password varchar2(255),         primary key (id)     )
1681279512505|5|statement|connection 0|url jdbc:p6spy:oracle:thin:@localhost:1521:XE|     alter table member         add constraint UK_3orqjaukiw2b73e2gw8rer4rq unique (member_email)|     alter table member         add constraint UK_3orqjaukiw2b73e2gw8rer4rq unique (member_email)
1681283589769|42|statement|connection 0|url jdbc:p6spy:oracle:thin:@localhost:1521:XE|select * from all_sequences|select * from all_sequences
1681283590399|41|statement|connection 0|url jdbc:p6spy:oracle:thin:@localhost:1521:XE|     alter table member         add member_type number(10,0)|     alter table member         add member_type number(10,0)
1681283669602|7|statement|connection 0|url jdbc:p6spy:oracle:thin:@localhost:1521:XE|select * from all_sequences|select * from all_sequences
1681283693584|33|statement|connection 0|url jdbc:p6spy:oracle:thin:@localhost:1521:XE|     drop table member cascade constraints|     drop table member cascade constraints
1681283693589|4|statement|connection 0|url jdbc:p6spy:oracle:thin:@localhost:1521:XE|     drop sequence hibernate_sequence|     drop sequence hibernate_sequence
1681283693598|4|statement|connection 0|url jdbc:p6spy:oracle:thin:@localhost:1521:XE|create sequence hibernate_sequence start with 1 increment by 1|create sequence hibernate_sequence start with 1 increment by 1
1681283693613|12|statement|connection 0|url jdbc:p6spy:oracle:thin:@localhost:1521:XE|     create table member (        id number(19,0) not null,         member_age number(10,0) not null,         member_email varchar2(255),         member_name varchar2(255),         member_password varchar2(255),         member_type varchar2(255),         primary key (id)     )|     create table member (        id number(19,0) not null,         member_age number(10,0) not null,         member_email varchar2(255),         member_name varchar2(255),         member_password varchar2(255),         member_type varchar2(255),         primary key (id)     )
1681283693622|7|statement|connection 0|url jdbc:p6spy:oracle:thin:@localhost:1521:XE|     alter table member         add constraint UK_3orqjaukiw2b73e2gw8rer4rq unique (member_email)|     alter table member         add constraint UK_3orqjaukiw2b73e2gw8rer4rq unique (member_email)
1681283987426|11|statement|connection 0|url jdbc:p6spy:oracle:thin:@localhost:1521:XE|     drop table tbm_member cascade constraints|     drop table tbm_member cascade constraints
1681283987458|14|statement|connection 0|url jdbc:p6spy:oracle:thin:@localhost:1521:XE|     drop sequence hibernate_sequence|     drop sequence hibernate_sequence
1681283987466|2|statement|connection 0|url jdbc:p6spy:oracle:thin:@localhost:1521:XE|create sequence hibernate_sequence start with 1 increment by 1|create sequence hibernate_sequence start with 1 increment by 1
1681283987491|20|statement|connection 0|url jdbc:p6spy:oracle:thin:@localhost:1521:XE|     create table tbm_member (        id number(19,0) not null,         member_age number(10,0) not null,         member_email varchar2(255),         member_name varchar2(255),         member_password varchar2(255),         member_type varchar2(255),         primary key (id)     )|     create table tbm_member (        id number(19,0) not null,         member_age number(10,0) not null,         member_email varchar2(255),         member_name varchar2(255),         member_password varchar2(255),         member_type varchar2(255),         primary key (id)     )
1681283987500|8|statement|connection 0|url jdbc:p6spy:oracle:thin:@localhost:1521:XE|     alter table tbm_member         add constraint UK_pwdok0s5043f3ky1y167iads unique (member_email)|     alter table tbm_member         add constraint UK_pwdok0s5043f3ky1y167iads unique (member_email)
1681284203362|7|statement|connection 0|url jdbc:p6spy:oracle:thin:@localhost:1521:XE|select * from all_sequences|select * from all_sequences
1681284233905|10|statement|connection 0|url jdbc:p6spy:oracle:thin:@localhost:1521:XE|select * from all_sequences|select * from all_sequences
1681284315812|19|statement|connection 0|url jdbc:p6spy:oracle:thin:@localhost:1521:XE|     drop table tbm_member cascade constraints|     drop table tbm_member cascade constraints
1681284315815|2|statement|connection 0|url jdbc:p6spy:oracle:thin:@localhost:1521:XE|     drop sequence hibernate_sequence|     drop sequence hibernate_sequence
1681284315821|2|statement|connection 0|url jdbc:p6spy:oracle:thin:@localhost:1521:XE|create sequence hibernate_sequence start with 1 increment by 1|create sequence hibernate_sequence start with 1 increment by 1
1681284315851|26|statement|connection 0|url jdbc:p6spy:oracle:thin:@localhost:1521:XE|     create table tbm_member (        id number(19,0) not null,         member_age number(10,0) not null,         member_email varchar2(255),         member_name varchar2(255),         member_password varchar2(255),         member_type varchar2(255),         primary key (id)     )|     create table tbm_member (        id number(19,0) not null,         member_age number(10,0) not null,         member_email varchar2(255),         member_name varchar2(255),         member_password varchar2(255),         member_type varchar2(255),         primary key (id)     )
1681284315858|6|statement|connection 0|url jdbc:p6spy:oracle:thin:@localhost:1521:XE|     alter table tbm_member         add constraint UK_pwdok0s5043f3ky1y167iads unique (member_email)|     alter table tbm_member         add constraint UK_pwdok0s5043f3ky1y167iads unique (member_email)
1681284403922|22|statement|connection 0|url jdbc:p6spy:oracle:thin:@localhost:1521:XE|     drop table tbm_member cascade constraints|     drop table tbm_member cascade constraints
1681284403929|5|statement|connection 0|url jdbc:p6spy:oracle:thin:@localhost:1521:XE|     drop sequence hibernate_sequence|     drop sequence hibernate_sequence
1681284403938|3|statement|connection 0|url jdbc:p6spy:oracle:thin:@localhost:1521:XE|create sequence hibernate_sequence start with 1 increment by 1|create sequence hibernate_sequence start with 1 increment by 1
1681284403978|34|statement|connection 0|url jdbc:p6spy:oracle:thin:@localhost:1521:XE|     create table tbm_member (        id number(19,0) not null,         member_age number(10,0) not null,         member_email varchar2(255),         member_name varchar2(255),         member_password varchar2(255),         member_type varchar2(255),         primary key (id)     )|     create table tbm_member (        id number(19,0) not null,         member_age number(10,0) not null,         member_email varchar2(255),         member_name varchar2(255),         member_password varchar2(255),         member_type varchar2(255),         primary key (id)     )
1681284403993|13|statement|connection 0|url jdbc:p6spy:oracle:thin:@localhost:1521:XE|     alter table tbm_member         add constraint UK_pwdok0s5043f3ky1y167iads unique (member_email)|     alter table tbm_member         add constraint UK_pwdok0s5043f3ky1y167iads unique (member_email)
1681284423775|6|statement|connection 0|url jdbc:p6spy:oracle:thin:@localhost:1521:XE|     drop table tbm_member cascade constraints|     drop table tbm_member cascade constraints
1681284423789|4|statement|connection 0|url jdbc:p6spy:oracle:thin:@localhost:1521:XE|     drop sequence hibernate_sequence|     drop sequence hibernate_sequence
1681284423795|2|statement|connection 0|url jdbc:p6spy:oracle:thin:@localhost:1521:XE|create sequence hibernate_sequence start with 1 increment by 1|create sequence hibernate_sequence start with 1 increment by 1
1681284423807|9|statement|connection 0|url jdbc:p6spy:oracle:thin:@localhost:1521:XE|     create table tbm_member (        id number(19,0) not null,         member_age number(10,0) not null,         member_email varchar2(255),         member_name varchar2(255),         member_password varchar2(255),         member_type varchar2(255),         primary key (id)     )|     create table tbm_member (        id number(19,0) not null,         member_age number(10,0) not null,         member_email varchar2(255),         member_name varchar2(255),         member_password varchar2(255),         member_type varchar2(255),         primary key (id)     )
1681284423815|6|statement|connection 0|url jdbc:p6spy:oracle:thin:@localhost:1521:XE|     alter table tbm_member         add constraint UK_pwdok0s5043f3ky1y167iads unique (member_email)|     alter table tbm_member         add constraint UK_pwdok0s5043f3ky1y167iads unique (member_email)
1681284646841|22|statement|connection 0|url jdbc:p6spy:oracle:thin:@localhost:1521:XE|     drop table tbm_member cascade constraints|     drop table tbm_member cascade constraints
1681284646847|4|statement|connection 0|url jdbc:p6spy:oracle:thin:@localhost:1521:XE|     drop sequence hibernate_sequence|     drop sequence hibernate_sequence
1681284646854|2|statement|connection 0|url jdbc:p6spy:oracle:thin:@localhost:1521:XE|create sequence hibernate_sequence start with 1 increment by 1|create sequence hibernate_sequence start with 1 increment by 1
1681284646878|19|statement|connection 0|url jdbc:p6spy:oracle:thin:@localhost:1521:XE|     create table tbm_member (        id number(19,0) not null,         member_age number(10,0) not null,         member_email varchar2(255),         member_name varchar2(255),         member_password varchar2(255),         member_type varchar2(255),         primary key (id)     )|     create table tbm_member (        id number(19,0) not null,         member_age number(10,0) not null,         member_email varchar2(255),         member_name varchar2(255),         member_password varchar2(255),         member_type varchar2(255),         primary key (id)     )
1681284646883|4|statement|connection 0|url jdbc:p6spy:oracle:thin:@localhost:1521:XE|     alter table tbm_member         add constraint UK_pwdok0s5043f3ky1y167iads unique (member_email)|     alter table tbm_member         add constraint UK_pwdok0s5043f3ky1y167iads unique (member_email)
1681284759918|18|statement|connection 0|url jdbc:p6spy:oracle:thin:@localhost:1521:XE|     drop table tbm_member cascade constraints|     drop table tbm_member cascade constraints
1681284759922|2|statement|connection 0|url jdbc:p6spy:oracle:thin:@localhost:1521:XE|     drop sequence hibernate_sequence|     drop sequence hibernate_sequence
1681284759927|2|statement|connection 0|url jdbc:p6spy:oracle:thin:@localhost:1521:XE|create sequence hibernate_sequence start with 1 increment by 1|create sequence hibernate_sequence start with 1 increment by 1
1681284759946|16|statement|connection 0|url jdbc:p6spy:oracle:thin:@localhost:1521:XE|     create table tbm_member (        id number(19,0) not null,         member_age number(10,0) not null,         member_email varchar2(255) not null,         member_name varchar2(255) not null,         member_password varchar2(255) not null,         member_type varchar2(255),         primary key (id)     )|     create table tbm_member (        id number(19,0) not null,         member_age number(10,0) not null,         member_email varchar2(255) not null,         member_name varchar2(255) not null,         member_password varchar2(255) not null,         member_type varchar2(255),         primary key (id)     )
1681284759952|5|statement|connection 0|url jdbc:p6spy:oracle:thin:@localhost:1521:XE|     alter table tbm_member         add constraint UK_pwdok0s5043f3ky1y167iads unique (member_email)|     alter table tbm_member         add constraint UK_pwdok0s5043f3ky1y167iads unique (member_email)
